<?xml version="1.0" encoding="UTF-8"?>
<!-- Generated by org.testng.reporters.JUnitReportReporter -->
<testsuite hostname="DESKTOP-7DFGHVV" failures="0" tests="1" name="test1.NewTest" time="35.845" errors="0" timestamp="2021-11-19T11:01:10 EST" skipped="0">
  <testcase classname="test1.NewTest" name="verifyTittle" time="35.845"/>
  <system-out/>
</testsuite> <!-- test1.NewTest -->
